# JRE version: OpenJDK Runtime Environment (16.0.2+7) (build 16.0.2+7-67)
# Java VM: OpenJDK 64-Bit Server VM (16.0.2+7-67, mixed mode, tiered, compressed oops, compressed class ptrs, g1 gc, windows-amd64)
GC Precious Log:
 CPUs: 8 total, 8 available
 Memory: 12173M
 Large Page Support: Disabled
 NUMA Support: Disabled
 Compressed Oops: Enabled (Zero based)
 Heap Region Size: 2M
 Heap Min Capacity: 8M
 Heap Initial Capacity: 192M
 Heap Max Capacity: 3044M
 Pre-touch: Disabled
 Parallel Workers: 8
 Concurrent Workers: 2
 Concurrent Refinement Workers: 8
 Periodic GC: Disabled
Heap:
 garbage-first heap   total 53248K, used 19362K [0x0000000741c00000, 0x0000000800000000)
  region size 2048K, 1 young (2048K), 1 survivors (2048K)
 Metaspace       used 32060K, committed 32448K, reserved 1081344K
  class space    used 3936K, committed 4096K, reserved 1048576K
GC Heap History (20 events):
Event: 21046.619 GC heap after
{Heap after GC invocations=16 (full 0):
 garbage-first heap   total 53248K, used 22263K [0x0000000741c00000, 0x0000000800000000)
  region size 2048K, 2 young (4096K), 2 survivors (4096K)
 Metaspace       used 32176K, committed 32448K, reserved 1081344K
  class space    used 3961K, committed 4096K, reserved 1048576K
}
Event: 58605.533 GC heap before
{Heap before GC invocations=16 (full 0):
 garbage-first heap   total 53248K, used 38647K [0x0000000741c00000, 0x0000000800000000)
  region size 2048K, 10 young (20480K), 2 survivors (4096K)
 Metaspace       used 32176K, committed 32448K, reserved 1081344K
  class space    used 3961K, committed 4096K, reserved 1048576K
}
Event: 58605.577 GC heap after
{Heap after GC invocations=17 (full 0):
 garbage-first heap   total 53248K, used 23251K [0x0000000741c00000, 0x0000000800000000)
  region size 2048K, 2 young (4096K), 2 survivors (4096K)
 Metaspace       used 32176K, committed 32448K, reserved 1081344K
  class space    used 3961K, committed 4096K, reserved 1048576K
}
Event: 58606.013 GC heap before
{Heap before GC invocations=17 (full 0):
 garbage-first heap   total 53248K, used 39635K [0x0000000741c00000, 0x0000000800000000)
  region size 2048K, 10 young (20480K), 2 survivors (4096K)
 Metaspace       used 32176K, committed 32448K, reserved 1081344K
  class space    used 3961K, committed 4096K, reserved 1048576K
}
Event: 58606.015 GC heap after
{Heap after GC invocations=18 (full 0):
 garbage-first heap   total 53248K, used 20520K [0x0000000741c00000, 0x0000000800000000)
  region size 2048K, 1 young (2048K), 1 survivors (2048K)
 Metaspace       used 32176K, committed 32448K, reserved 1081344K
  class space    used 3961K, committed 4096K, reserved 1048576K
}
Event: 58606.635 GC heap before
{Heap before GC invocations=18 (full 0):
 garbage-first heap   total 53248K, used 38952K [0x0000000741c00000, 0x0000000800000000)
  region size 2048K, 10 young (20480K), 1 survivors (2048K)
 Metaspace       used 32176K, committed 32448K, reserved 1081344K
  class space    used 3961K, committed 4096K, reserved 1048576K
}
Event: 58606.637 GC heap after
{Heap after GC invocations=19 (full 0):
 garbage-first heap   total 53248K, used 21260K [0x0000000741c00000, 0x0000000800000000)
  region size 2048K, 1 young (2048K), 1 survivors (2048K)
 Metaspace       used 32176K, committed 32448K, reserved 1081344K
  class space    used 3961K, committed 4096K, reserved 1048576K
}
Event: 58607.135 GC heap before
{Heap before GC invocations=19 (full 0):
 garbage-first heap   total 53248K, used 39692K [0x0000000741c00000, 0x0000000800000000)
  region size 2048K, 10 young (20480K), 1 survivors (2048K)
 Metaspace       used 32176K, committed 32448K, reserved 1081344K
  class space    used 3961K, committed 4096K, reserved 1048576K
}
Event: 58607.138 GC heap after
{Heap after GC invocations=20 (full 0):
 garbage-first heap   total 53248K, used 22265K [0x0000000741c00000, 0x0000000800000000)
  region size 2048K, 2 young (4096K), 2 survivors (4096K)
 Metaspace       used 32176K, committed 32448K, reserved 1081344K
  class space    used 3961K, committed 4096K, reserved 1048576K
}
Event: 58607.470 GC heap before
{Heap before GC invocations=20 (full 0):
 garbage-first heap   total 53248K, used 38649K [0x0000000741c00000, 0x0000000800000000)
  region size 2048K, 10 young (20480K), 2 survivors (4096K)
 Metaspace       used 32176K, committed 32448K, reserved 1081344K
  class space    used 3961K, committed 4096K, reserved 1048576K
}
Event: 58607.488 GC heap after
{Heap after GC invocations=21 (full 0):
 garbage-first heap   total 53248K, used 23309K [0x0000000741c00000, 0x0000000800000000)
  region size 2048K, 2 young (4096K), 2 survivors (4096K)
 Metaspace       used 32176K, committed 32448K, reserved 1081344K
  class space    used 3961K, committed 4096K, reserved 1048576K
}
Event: 58607.797 GC heap before
{Heap before GC invocations=21 (full 0):
 garbage-first heap   total 53248K, used 39693K [0x0000000741c00000, 0x0000000800000000)
  region size 2048K, 10 young (20480K), 2 survivors (4096K)
 Metaspace       used 32176K, committed 32448K, reserved 1081344K
  class space    used 3961K, committed 4096K, reserved 1048576K
}
Event: 58607.806 GC heap after
{Heap after GC invocations=22 (full 0):
 garbage-first heap   total 53248K, used 24308K [0x0000000741c00000, 0x0000000800000000)
  region size 2048K, 2 young (4096K), 2 survivors (4096K)
 Metaspace       used 32176K, committed 32448K, reserved 1081344K
  class space    used 3961K, committed 4096K, reserved 1048576K
}
Event: 58608.575 GC heap before
{Heap before GC invocations=22 (full 0):
 garbage-first heap   total 53248K, used 38644K [0x0000000741c00000, 0x0000000800000000)
  region size 2048K, 9 young (18432K), 2 survivors (4096K)
 Metaspace       used 32176K, committed 32448K, reserved 1081344K
  class space    used 3961K, committed 4096K, reserved 1048576K
}
Event: 58609.403 GC heap after
{Heap after GC invocations=23 (full 0):
 garbage-first heap   total 53248K, used 22211K [0x0000000741c00000, 0x0000000800000000)
  region size 2048K, 1 young (2048K), 1 survivors (2048K)
 Metaspace       used 32176K, committed 32448K, reserved 1081344K
  class space    used 3961K, committed 4096K, reserved 1048576K
}
Event: 58610.699 GC heap before
{Heap before GC invocations=23 (full 0):
 garbage-first heap   total 53248K, used 38595K [0x0000000741c00000, 0x0000000800000000)
  region size 2048K, 9 young (18432K), 1 survivors (2048K)
 Metaspace       used 32176K, committed 32448K, reserved 1081344K
  class space    used 3961K, committed 4096K, reserved 1048576K
}
Event: 58610.703 GC heap after
{Heap after GC invocations=24 (full 0):
 garbage-first heap   total 53248K, used 22909K [0x0000000741c00000, 0x0000000800000000)
  region size 2048K, 1 young (2048K), 1 survivors (2048K)
 Metaspace       used 32176K, committed 32448K, reserved 1081344K
  class space    used 3961K, committed 4096K, reserved 1048576K
}
Event: 58624.540 GC heap before
{Heap before GC invocations=25 (full 0):
 garbage-first heap   total 53248K, used 37245K [0x0000000741c00000, 0x0000000800000000)
  region size 2048K, 9 young (18432K), 1 survivors (2048K)
 Metaspace       used 32060K, committed 32448K, reserved 1081344K
  class space    used 3936K, committed 4096K, reserved 1048576K
}
Event: 58624.544 GC heap after
{Heap after GC invocations=26 (full 0):
 garbage-first heap   total 53248K, used 21835K [0x0000000741c00000, 0x0000000800000000)
  region size 2048K, 2 young (4096K), 2 survivors (4096K)
 Metaspace       used 32060K, committed 32448K, reserved 1081344K
  class space    used 3936K, committed 4096K, reserved 1048576K
}
Event: 58624.556 GC heap before
{Heap before GC invocations=26 (full 0):
 garbage-first heap   total 53248K, used 23883K [0x0000000741c00000, 0x0000000800000000)
  region size 2048K, 3 young (6144K), 2 survivors (4096K)
 Metaspace       used 32060K, committed 32448K, reserved 1081344K
  class space    used 3936K, committed 4096K, reserved 1048576K
}

